Using pre-set license
Built from '2020.3/staging' branch; Version is '2020.3.8f1 (507919d4fff5) revision 5273881'; Using compiler version '192528614'; Build Type 'Release'
OS: 'Windows 10 Pro; OS build 19041.985; Version 2004; 64bit' Language: 'de' Physical Memory: 32682 MB
BatchMode: 1, IsHumanControllingUs: 0, StartBugReporterOnCrash: 0, Is64bit: 1, IsPro: 0

 COMMAND LINE ARGUMENTS:
D:\Unity Installations\2020.3.8f1\Editor\Unity.exe
-adb2
-batchMode
-noUpm
-name
AssetImportWorker0
-projectPath
E:/YouTube/Unity/5WaysOfMovement
-logFile
Logs/AssetImportWorker0.log
-srvPort
52342
Successfully changed project path to: E:/YouTube/Unity/5WaysOfMovement
E:/YouTube/Unity/5WaysOfMovement
Using Asset Import Pipeline V2.
Refreshing native plugins compatible for Editor in 32.06 ms, found 1 plugins.
Preloading 0 native plugins for Editor in 0.00 ms.
Initialize engine version: 2020.3.8f1 (507919d4fff5)
[Subsystems] Discovering subsystems at path D:/Unity Installations/2020.3.8f1/Editor/Data/Resources/UnitySubsystems
[Subsystems] Discovering subsystems at path E:/YouTube/Unity/5WaysOfMovement/Assets
GfxDevice: creating device client; threaded=0
Direct3D:
    Version:  Direct3D 11.0 [level 11.1]
    Renderer: NVIDIA GeForce RTX 2080 (ID=0x1e87)
    Vendor:   
    VRAM:     8010 MB
    Driver:   27.21.14.5671
Initialize mono
Mono path[0] = 'D:/Unity Installations/2020.3.8f1/Editor/Data/Managed'
Mono path[1] = 'D:/Unity Installations/2020.3.8f1/Editor/Data/MonoBleedingEdge/lib/mono/unityjit'
Mono config path = 'D:/Unity Installations/2020.3.8f1/Editor/Data/MonoBleedingEdge/etc'
Using monoOptions --debugger-agent=transport=dt_socket,embedding=1,server=y,suspend=n,address=127.0.0.1:56848
Begin MonoManager ReloadAssembly
Registering precompiled unity dll's ...
Register platform support module: D:/Unity Installations/2020.3.8f1/Editor/Data/PlaybackEngines/WindowsStandaloneSupport/UnityEditor.WindowsStandalone.Extensions.dll
Registered in 0.000915 seconds.
Native extension for WindowsStandalone target not found
Refreshing native plugins compatible for Editor in 33.82 ms, found 1 plugins.
Preloading 0 native plugins for Editor in 0.00 ms.
Mono: successfully reloaded assembly
- Completed reload, in  0.826 seconds
Platform modules already initialized, skipping
Registering precompiled user dll's ...
Registered in 0.000562 seconds.
Begin MonoManager ReloadAssembly
Native extension for WindowsStandalone target not found
Refreshing native plugins compatible for Editor in 35.65 ms, found 1 plugins.
Preloading 0 native plugins for Editor in 0.00 ms.
Mono: successfully reloaded assembly
- Completed reload, in  0.853 seconds
Platform modules already initialized, skipping
========================================================================
Worker process is ready to serve import requests
Launched and connected shader compiler UnityShaderCompiler.exe after 0.05 seconds
Refreshing native plugins compatible for Editor in 0.45 ms, found 1 plugins.
Preloading 0 native plugins for Editor in 0.00 ms.
Unloading 1809 Unused Serialized files (Serialized files now loaded: 0)
System memory in use before: 85.0 MB.
System memory in use after: 85.0 MB.

Unloading 24 unused Assets to reduce memory usage. Loaded Objects now: 2252.
Total: 2.256800 ms (FindLiveObjects: 0.226600 ms CreateObjectMapping: 0.039600 ms MarkObjects: 1.847800 ms  DeleteObjects: 0.141500 ms)

========================================================================
Received Import Request.
  path: Assets/Scripts/Movement/PlayerMovement.cs
  artifactKey: Guid(6e6a395e019225a44813a41a146e2901) Importer(815301076,1909f56bfc062723c751e8b465ee728b)
Start importing Assets/Scripts/Movement/PlayerMovement.cs using Guid(6e6a395e019225a44813a41a146e2901) Importer(815301076,1909f56bfc062723c751e8b465ee728b)  -> (artifact id: '24f8cd0f70905d91ef76c9a176998c94') in 0.044938 seconds
  Import took 0.047665 seconds .

========================================================================
Received Import Request.
  Time since last request: 19.139034 seconds.
  path: Assets/Scripts/Movement/PlayerMovement.cs
  artifactKey: Guid(6e6a395e019225a44813a41a146e2901) Importer(815301076,1909f56bfc062723c751e8b465ee728b)
Start importing Assets/Scripts/Movement/PlayerMovement.cs using Guid(6e6a395e019225a44813a41a146e2901) Importer(815301076,1909f56bfc062723c751e8b465ee728b)  -> (artifact id: 'ad438161d6124d1ac78ba206a3bd03ca') in 0.019477 seconds
  Import took 0.022406 seconds .

========================================================================
Received Import Request.
  Time since last request: 1.387959 seconds.
  path: Assets/Scripts/Movement/PlayerMovement.cs
  artifactKey: Guid(6e6a395e019225a44813a41a146e2901) Importer(815301076,1909f56bfc062723c751e8b465ee728b)
Start importing Assets/Scripts/Movement/PlayerMovement.cs using Guid(6e6a395e019225a44813a41a146e2901) Importer(815301076,1909f56bfc062723c751e8b465ee728b)  -> (artifact id: '33fcd9109c013c3d5a7187394d2dc285') in 0.026420 seconds
  Import took 0.029386 seconds .

========================================================================
Received Import Request.
  Time since last request: 11.303601 seconds.
  path: Assets/Scripts/Movement/PlayerMovement.cs
  artifactKey: Guid(6e6a395e019225a44813a41a146e2901) Importer(815301076,1909f56bfc062723c751e8b465ee728b)
Start importing Assets/Scripts/Movement/PlayerMovement.cs using Guid(6e6a395e019225a44813a41a146e2901) Importer(815301076,1909f56bfc062723c751e8b465ee728b)  -> (artifact id: '62f0eaa49674b326a27a9e0a8ed6ccbc') in 0.019795 seconds
  Import took 0.022864 seconds .

========================================================================
Received Import Request.
  Time since last request: 0.001060 seconds.
  path: Assets/Scripts/Movement/PlayerMovement.cs
  artifactKey: Guid(6e6a395e019225a44813a41a146e2901) Importer(815301076,1909f56bfc062723c751e8b465ee728b)
Start importing Assets/Scripts/Movement/PlayerMovement.cs using Guid(6e6a395e019225a44813a41a146e2901) Importer(815301076,1909f56bfc062723c751e8b465ee728b)  -> (artifact id: '62f0eaa49674b326a27a9e0a8ed6ccbc') in 0.020334 seconds
  Import took 0.023036 seconds .

========================================================================
Received Import Request.
  Time since last request: 9.218639 seconds.
  path: Assets/Scripts/Movement/PlayerMovement.cs
  artifactKey: Guid(6e6a395e019225a44813a41a146e2901) Importer(815301076,1909f56bfc062723c751e8b465ee728b)
Start importing Assets/Scripts/Movement/PlayerMovement.cs using Guid(6e6a395e019225a44813a41a146e2901) Importer(815301076,1909f56bfc062723c751e8b465ee728b)  -> (artifact id: '5ee2341fc3a4b5f42df6c0a6c3e36055') in 0.020836 seconds
  Import took 0.023824 seconds .

========================================================================
Received Import Request.
  Time since last request: 18.666312 seconds.
  path: Assets/Scripts/Movement/PlayerMovement.cs
  artifactKey: Guid(6e6a395e019225a44813a41a146e2901) Importer(815301076,1909f56bfc062723c751e8b465ee728b)
Start importing Assets/Scripts/Movement/PlayerMovement.cs using Guid(6e6a395e019225a44813a41a146e2901) Importer(815301076,1909f56bfc062723c751e8b465ee728b)  -> (artifact id: 'ca1f2ee9ddf6689f3db5936df10b6a73') in 0.019244 seconds
  Import took 0.021979 seconds .

========================================================================
Received Import Request.
  Time since last request: 10.017078 seconds.
  path: Assets/Scripts/Movement/PlayerMovement.cs
  artifactKey: Guid(6e6a395e019225a44813a41a146e2901) Importer(815301076,1909f56bfc062723c751e8b465ee728b)
Start importing Assets/Scripts/Movement/PlayerMovement.cs using Guid(6e6a395e019225a44813a41a146e2901) Importer(815301076,1909f56bfc062723c751e8b465ee728b)  -> (artifact id: '52561e1a430627078b431d2f9ac2be89') in 0.019789 seconds
  Import took 0.022675 seconds .

========================================================================
Received Import Request.
  Time since last request: 10.613677 seconds.
  path: Assets/Scripts/Movement/PlayerMovement.cs
  artifactKey: Guid(6e6a395e019225a44813a41a146e2901) Importer(815301076,1909f56bfc062723c751e8b465ee728b)
Start importing Assets/Scripts/Movement/PlayerMovement.cs using Guid(6e6a395e019225a44813a41a146e2901) Importer(815301076,1909f56bfc062723c751e8b465ee728b)  -> (artifact id: '5fd96b4961589460172497dc5e4526e6') in 0.020001 seconds
  Import took 0.031172 seconds .

========================================================================
Received Import Request.
  Time since last request: 1.501518 seconds.
  path: Assets/Scripts/Movement/PlayerMovement.cs
  artifactKey: Guid(6e6a395e019225a44813a41a146e2901) Importer(815301076,1909f56bfc062723c751e8b465ee728b)
Start importing Assets/Scripts/Movement/PlayerMovement.cs using Guid(6e6a395e019225a44813a41a146e2901) Importer(815301076,1909f56bfc062723c751e8b465ee728b)  -> (artifact id: '35e453b805c7bf74fbbd173e81e62de6') in 0.019711 seconds
  Import took 0.022663 seconds .

========================================================================
Received Prepare
Registering precompiled user dll's ...
Registered in 0.001205 seconds.
Begin MonoManager ReloadAssembly
Native extension for WindowsStandalone target not found
Refreshing native plugins compatible for Editor in 0.46 ms, found 1 plugins.
Preloading 0 native plugins for Editor in 0.00 ms.
Mono: successfully reloaded assembly
- Completed reload, in  0.723 seconds
Platform modules already initialized, skipping
Refreshing native plugins compatible for Editor in 0.40 ms, found 1 plugins.
Preloading 0 native plugins for Editor in 0.00 ms.
Unloading 1804 Unused Serialized files (Serialized files now loaded: 0)
System memory in use before: 85.0 MB.
System memory in use after: 84.9 MB.

Unloading 12 unused Assets to reduce memory usage. Loaded Objects now: 2256.
Total: 1.783900 ms (FindLiveObjects: 0.192500 ms CreateObjectMapping: 0.040000 ms MarkObjects: 1.445700 ms  DeleteObjects: 0.104900 ms)

